\BOOKMARK [0][-]{chapter*.1}{\376\377\000K\000a\000t\000a\000\040\000P\000e\000n\000g\000a\000n\000t\000a\000r}{}% 1
\BOOKMARK [0][-]{section*.2}{\376\377\000D\000a\000f\000t\000a\000r\000\040\000I\000s\000i}{}% 2
\BOOKMARK [0][-]{section*.3}{\376\377\000D\000a\000f\000t\000a\000r\000\040\000G\000a\000m\000b\000a\000r}{}% 3
\BOOKMARK [0][-]{section*.4}{\376\377\000D\000a\000f\000t\000a\000r\000\040\000T\000a\000b\000e\000l}{}% 4
\BOOKMARK [0][-]{chapter.1}{\376\377\000P\000e\000n\000d\000a\000h\000u\000l\000u\000a\000n}{}% 5
\BOOKMARK [1][-]{section.1.1}{\376\377\000L\000a\000t\000a\000r\000\040\000B\000e\000l\000a\000k\000a\000n\000g}{chapter.1}% 6
\BOOKMARK [1][-]{section.1.2}{\376\377\000R\000u\000m\000u\000s\000a\000n\000\040\000M\000a\000s\000a\000l\000a\000h}{chapter.1}% 7
\BOOKMARK [1][-]{section.1.3}{\376\377\000T\000u\000j\000u\000a\000n}{chapter.1}% 8
\BOOKMARK [1][-]{section.1.4}{\376\377\000B\000a\000t\000a\000s\000a\000n\000\040\000M\000a\000s\000a\000l\000a\000h}{chapter.1}% 9
\BOOKMARK [1][-]{section.1.5}{\376\377\000R\000u\000a\000n\000g\000\040\000L\000i\000n\000g\000k\000u\000p\000\040\000M\000a\000s\000a\000l\000a\000h}{chapter.1}% 10
\BOOKMARK [1][-]{section.1.6}{\376\377\000M\000e\000t\000o\000d\000e\000\040\000P\000e\000n\000e\000l\000i\000t\000i\000a\000n}{chapter.1}% 11
\BOOKMARK [1][-]{section.1.7}{\376\377\000T\000e\000k\000n\000i\000k\000\040\000P\000e\000n\000g\000u\000m\000p\000u\000l\000a\000n\000\040\000D\000a\000t\000a}{chapter.1}% 12
\BOOKMARK [1][-]{section.1.8}{\376\377\000S\000i\000s\000t\000e\000m\000a\000t\000i\000k\000a\000\040\000P\000e\000n\000u\000l\000i\000s\000a\000n}{chapter.1}% 13
\BOOKMARK [0][-]{chapter.2}{\376\377\000D\000a\000s\000a\000r\000\040\000T\000e\000o\000r\000i}{}% 14
\BOOKMARK [1][-]{section.2.1}{\376\377\000M\000e\000n\000g\000e\000n\000a\000i\000\040\000W\000i\000n\000d\000o\000w\000s\000\040\000P\000h\000o\000n\000e}{chapter.2}% 15
\BOOKMARK [1][-]{section.2.2}{\376\377\000L\000i\000n\000g\000k\000u\000n\000g\000a\000n\000\040\000K\000e\000r\000j\000a}{chapter.2}% 16
\BOOKMARK [1][-]{section.2.3}{\376\377\000X\000A\000M\000L}{chapter.2}% 17
\BOOKMARK [1][-]{section.2.4}{\376\377\000K\000o\000n\000t\000r\000o\000l\000\040\000t\000e\000r\000h\000a\000d\000a\000p\000\040\000P\000o\000n\000s\000e\000l}{chapter.2}% 18
\BOOKMARK [2][-]{subsection.2.4.1}{\376\377\000N\000a\000v\000i\000g\000a\000s\000i}{section.2.4}% 19
\BOOKMARK [2][-]{subsection.2.4.2}{\376\377\000K\000o\000n\000t\000r\000o\000l\000\040\000T\000a\000t\000a\000\040\000L\000e\000t\000a\000k}{section.2.4}% 20
\BOOKMARK [2][-]{subsection.2.4.3}{\376\377\000K\000o\000n\000t\000r\000o\000l\000\040\000T\000e\000r\000h\000a\000d\000a\000p\000\040\000T\000e\000k\000s}{section.2.4}% 21
\BOOKMARK [2][-]{subsection.2.4.4}{\376\377\000T\000o\000m\000b\000o\000l\000\040\000d\000a\000n\000\040\000K\000o\000n\000t\000r\000o\000l\000\040\000P\000i\000l\000i\000h\000a\000n}{section.2.4}% 22
\BOOKMARK [2][-]{subsection.2.4.5}{\376\377\000K\000o\000n\000t\000r\000o\000l\000\040\000D\000a\000f\000t\000a\000r}{section.2.4}% 23
\BOOKMARK [1][-]{section.2.5}{\376\377\000S\000i\000k\000l\000u\000s\000\040\000H\000i\000d\000u\000p\000\040\000A\000p\000l\000i\000k\000a\000s\000i}{chapter.2}% 24
\BOOKMARK [1][-]{section.2.6}{\376\377\000P\000e\000t\000a\000\040\000d\000i\000\040\000W\000i\000n\000d\000o\000w\000s\000\040\000P\000h\000o\000n\000e}{chapter.2}% 25
\BOOKMARK [2][-]{subsection.2.6.1}{\376\377\000P\000e\000n\000a\000m\000b\000a\000h\000a\000n\000\040\000P\000e\000t\000a\000\040\000K\000e\000\040\000A\000p\000l\000i\000k\000a\000s\000i}{section.2.6}% 26
\BOOKMARK [2][-]{subsection.2.6.2}{\376\377\000T\000a\000m\000p\000i\000l\000a\000n\000\040\000P\000e\000t\000a\000\040\000d\000i\000\040\000W\000i\000n\000d\000o\000w\000s\000\040\000P\000h\000o\000n\000e}{section.2.6}% 27
\BOOKMARK [2][-]{subsection.2.6.3}{\376\377\000P\000u\000s\000h\000p\000i\000n\000s\000\040\000k\000e\000\040\000P\000e\000t\000a}{section.2.6}% 28
\BOOKMARK [2][-]{subsection.2.6.4}{\376\377\000P\000o\000l\000y\000l\000i\000n\000e\000\040\000p\000a\000d\000a\000\040\000P\000e\000t\000a}{section.2.6}% 29
\BOOKMARK [2][-]{subsection.2.6.5}{\376\377\000N\000a\000m\000e\000s\000p\000a\000c\000e\000\040\000K\000o\000n\000t\000r\000o\000l\000\040\000M\000a\000p}{section.2.6}% 30
\BOOKMARK [2][-]{subsection.2.6.6}{\376\377\000K\000e\000l\000a\000s\000\040\000M\000a\000p}{section.2.6}% 31
\BOOKMARK [2][-]{subsection.2.6.7}{\376\377\000K\000e\000l\000a\000s\000\040\000P\000o\000l\000y\000l\000i\000n\000e}{section.2.6}% 32
\BOOKMARK [2][-]{subsection.2.6.8}{\376\377\000K\000e\000l\000a\000s\000\040\000P\000u\000s\000h\000p\000i\000n}{section.2.6}% 33
\BOOKMARK [1][-]{section.2.7}{\376\377\000L\000o\000k\000a\000s\000i}{chapter.2}% 34
\BOOKMARK [2][-]{subsection.2.7.1}{\376\377\000M\000e\000n\000d\000a\000p\000a\000t\000k\000a\000n\000\040\000P\000o\000s\000i\000s\000i\000\040\000P\000e\000n\000g\000g\000u\000n\000a}{section.2.7}% 35
\BOOKMARK [2][-]{subsection.2.7.2}{\376\377\000N\000a\000m\000e\000s\000p\000a\000c\000e\000\040\000G\000e\000o\000l\000o\000c\000a\000t\000o\000r}{section.2.7}% 36
\BOOKMARK [2][-]{subsection.2.7.3}{\376\377\000K\000e\000l\000a\000s\000\040\000G\000e\000o\000c\000o\000o\000r\000d\000i\000n\000a\000t\000e}{section.2.7}% 37
\BOOKMARK [2][-]{subsection.2.7.4}{\376\377\000K\000e\000l\000a\000s\000\040\000G\000e\000o\000l\000o\000c\000a\000t\000o\000r}{section.2.7}% 38
\BOOKMARK [2][-]{subsection.2.7.5}{\376\377\000K\000e\000l\000a\000s\000\040\000G\000e\000o\000p\000o\000s\000i\000t\000i\000o\000n}{section.2.7}% 39
\BOOKMARK [2][-]{subsection.2.7.6}{\376\377\000M\000e\000t\000o\000d\000e\000\040\000L\000o\000k\000a\000s\000i}{section.2.7}% 40
\BOOKMARK [1][-]{section.2.8}{\376\377\000M\000e\000m\000a\000n\000f\000a\000a\000t\000k\000a\000n\000\040\000S\000u\000m\000b\000e\000r\000\040\000D\000a\000t\000a}{chapter.2}% 41
\BOOKMARK [1][-]{section.2.9}{\376\377\000P\000e\000n\000g\000a\000n\000t\000a\000r\000\040\000K\000i\000r\000i\000\040\000A\000P\000I}{chapter.2}% 42
\BOOKMARK [1][-]{section.2.10}{\376\377\000R\000o\000u\000t\000i\000n\000g\000\040\000W\000e\000b\000\040\000S\000e\000r\000v\000i\000c\000e}{chapter.2}% 43
\BOOKMARK [1][-]{section.2.11}{\376\377\000W\000e\000b\000\040\000S\000e\000r\000v\000i\000c\000e\000\040\000P\000e\000n\000c\000a\000r\000i\000a\000n\000\040\000L\000o\000k\000a\000s\000i}{chapter.2}% 44
\BOOKMARK [1][-]{section.2.12}{\376\377\000W\000e\000b\000\040\000S\000e\000r\000v\000i\000c\000e\000\040\000M\000e\000n\000e\000m\000u\000k\000a\000n\000\040\000T\000r\000a\000n\000s\000p\000o\000r\000t\000a\000s\000i\000\040\000T\000e\000r\000d\000e\000k\000a\000t}{chapter.2}% 45
\BOOKMARK [0][-]{chapter.3}{\376\377\000A\000n\000a\000l\000i\000s\000i\000s}{}% 46
\BOOKMARK [1][-]{section.3.1}{\376\377\000A\000n\000a\000l\000i\000s\000i\000s\000\040\000A\000p\000l\000i\000k\000a\000s\000i\000\040\000S\000e\000j\000e\000n\000i\000s}{chapter.3}% 47
\BOOKMARK [1][-]{section.3.2}{\376\377\000A\000n\000a\000l\000i\000s\000i\000s\000\040\000A\000p\000l\000i\000k\000a\000s\000i}{chapter.3}% 48
\BOOKMARK [2][-]{subsection.3.2.1}{\376\377\000K\000e\000b\000u\000t\000u\000h\000a\000n\000\040\000A\000p\000l\000i\000k\000a\000s\000i}{section.3.2}% 49
\BOOKMARK [2][-]{subsection.3.2.2}{\376\377\000A\000n\000a\000l\000i\000s\000i\000s\000\040\000K\000o\000n\000t\000r\000o\000l\000\040\000y\000a\000n\000g\000\040\000D\000i\000p\000a\000k\000a\000i}{section.3.2}% 50
\BOOKMARK [2][-]{subsection.3.2.3}{\376\377\000A\000n\000a\000l\000i\000s\000i\000s\000\040\000T\000e\000r\000h\000a\000d\000a\000p\000\040\000S\000i\000k\000l\000u\000s\000\040\000H\000i\000d\000u\000p\000\040\000A\000p\000l\000i\000k\000a\000s\000i}{section.3.2}% 51
\BOOKMARK [2][-]{subsection.3.2.4}{\376\377\000A\000n\000a\000l\000i\000s\000i\000s\000\040\000P\000e\000t\000a}{section.3.2}% 52
\BOOKMARK [2][-]{subsection.3.2.5}{\376\377\000A\000n\000a\000l\000i\000s\000i\000s\000\040\000M\000e\000t\000o\000d\000e\000\040\000y\000a\000n\000g\000\040\000D\000i\000p\000a\000k\000a\000i}{section.3.2}% 53
\BOOKMARK [2][-]{subsection.3.2.6}{\376\377\000D\000i\000a\000g\000r\000a\000m\000\040\000U\000s\000e\000-\000C\000a\000s\000e\000\040\000d\000a\000n\000\040\000S\000c\000e\000n\000a\000r\000i\000o}{section.3.2}% 54
\BOOKMARK [2][-]{subsection.3.2.7}{\376\377\000C\000l\000a\000s\000s\000\040\000D\000i\000a\000g\000r\000a\000m}{section.3.2}% 55
\BOOKMARK [0][-]{chapter*.5}{\376\377\000D\000a\000f\000t\000a\000r\000\040\000R\000e\000f\000e\000r\000e\000n\000s\000i}{}% 56
